<?xml version="1.0" encoding="UTF-8"?>
<testsuite name="com.ryu.pt.springboot.web.domain.posts.PostsRepositroyTest" tests="1" skipped="0" failures="0" errors="0" timestamp="2021-04-22T04:09:18" hostname="Sangui-MacBookPro.local" time="0.262">
  <properties/>
  <testcase name="BaseTimeEntity_regist" classname="com.ryu.pt.springboot.web.domain.posts.PostsRepositroyTest" time="0.262"/>
  <system-out><![CDATA[13:09:15.398 [Test worker] DEBUG org.springframework.test.context.junit4.SpringJUnit4ClassRunner - SpringJUnit4ClassRunner constructor called with [class com.ryu.pt.springboot.web.domain.posts.PostsRepositroyTest]
13:09:15.403 [Test worker] DEBUG org.springframework.test.context.BootstrapUtils - Instantiating CacheAwareContextLoaderDelegate from class [org.springframework.test.context.cache.DefaultCacheAwareContextLoaderDelegate]
13:09:15.410 [Test worker] DEBUG org.springframework.test.context.BootstrapUtils - Instantiating BootstrapContext using constructor [public org.springframework.test.context.support.DefaultBootstrapContext(java.lang.Class,org.springframework.test.context.CacheAwareContextLoaderDelegate)]
13:09:15.421 [Test worker] DEBUG org.springframework.test.context.BootstrapUtils - Instantiating TestContextBootstrapper for test class [com.ryu.pt.springboot.web.domain.posts.PostsRepositroyTest] from class [org.springframework.boot.test.context.SpringBootTestContextBootstrapper]
13:09:15.430 [Test worker] INFO org.springframework.boot.test.context.SpringBootTestContextBootstrapper - Neither @ContextConfiguration nor @ContextHierarchy found for test class [com.ryu.pt.springboot.web.domain.posts.PostsRepositroyTest], using SpringBootContextLoader
13:09:15.433 [Test worker] DEBUG org.springframework.test.context.support.AbstractContextLoader - Did not detect default resource location for test class [com.ryu.pt.springboot.web.domain.posts.PostsRepositroyTest]: class path resource [com/ryu/pt/springboot/web/domain/posts/PostsRepositroyTest-context.xml] does not exist
13:09:15.434 [Test worker] DEBUG org.springframework.test.context.support.AbstractContextLoader - Did not detect default resource location for test class [com.ryu.pt.springboot.web.domain.posts.PostsRepositroyTest]: class path resource [com/ryu/pt/springboot/web/domain/posts/PostsRepositroyTestContext.groovy] does not exist
13:09:15.434 [Test worker] INFO org.springframework.test.context.support.AbstractContextLoader - Could not detect default resource locations for test class [com.ryu.pt.springboot.web.domain.posts.PostsRepositroyTest]: no resource found for suffixes {-context.xml, Context.groovy}.
13:09:15.435 [Test worker] INFO org.springframework.test.context.support.AnnotationConfigContextLoaderUtils - Could not detect default configuration classes for test class [com.ryu.pt.springboot.web.domain.posts.PostsRepositroyTest]: PostsRepositroyTest does not declare any static, non-private, non-final, nested classes annotated with @Configuration.
13:09:15.464 [Test worker] DEBUG org.springframework.test.context.support.ActiveProfilesUtils - Could not find an 'annotation declaring class' for annotation type [org.springframework.test.context.ActiveProfiles] and class [com.ryu.pt.springboot.web.domain.posts.PostsRepositroyTest]
13:09:15.527 [Test worker] DEBUG org.springframework.context.annotation.ClassPathScanningCandidateComponentProvider - Identified candidate component class: file [/Users/ryu/IdeaProjects/com.ryu.pt/build/classes/java/main/com/ryu/pt/springboot/Application.class]
13:09:15.528 [Test worker] INFO org.springframework.boot.test.context.SpringBootTestContextBootstrapper - Found @SpringBootConfiguration com.ryu.pt.springboot.Application for test class com.ryu.pt.springboot.web.domain.posts.PostsRepositroyTest
13:09:15.581 [Test worker] DEBUG org.springframework.boot.test.context.SpringBootTestContextBootstrapper - @TestExecutionListeners is not present for class [com.ryu.pt.springboot.web.domain.posts.PostsRepositroyTest]: using defaults.
13:09:15.582 [Test worker] INFO org.springframework.boot.test.context.SpringBootTestContextBootstrapper - Loaded default TestExecutionListener class names from location [META-INF/spring.factories]: [org.springframework.boot.test.autoconfigure.restdocs.RestDocsTestExecutionListener, org.springframework.boot.test.autoconfigure.web.client.MockRestServiceServerResetTestExecutionListener, org.springframework.boot.test.autoconfigure.web.servlet.MockMvcPrintOnlyOnFailureTestExecutionListener, org.springframework.boot.test.autoconfigure.web.servlet.WebDriverTestExecutionListener, org.springframework.boot.test.mock.mockito.MockitoTestExecutionListener, org.springframework.boot.test.mock.mockito.ResetMocksTestExecutionListener, org.springframework.test.context.web.ServletTestExecutionListener, org.springframework.test.context.support.DirtiesContextBeforeModesTestExecutionListener, org.springframework.test.context.support.DependencyInjectionTestExecutionListener, org.springframework.test.context.support.DirtiesContextTestExecutionListener, org.springframework.test.context.transaction.TransactionalTestExecutionListener, org.springframework.test.context.jdbc.SqlScriptsTestExecutionListener]
13:09:15.595 [Test worker] INFO org.springframework.boot.test.context.SpringBootTestContextBootstrapper - Using TestExecutionListeners: [org.springframework.test.context.web.ServletTestExecutionListener@29766e21, org.springframework.test.context.support.DirtiesContextBeforeModesTestExecutionListener@568d4597, org.springframework.boot.test.mock.mockito.MockitoTestExecutionListener@aef9ec1, org.springframework.boot.test.autoconfigure.SpringBootDependencyInjectionTestExecutionListener@7af95fd, org.springframework.test.context.support.DirtiesContextTestExecutionListener@1d32e44f, org.springframework.test.context.transaction.TransactionalTestExecutionListener@212fbb83, org.springframework.test.context.jdbc.SqlScriptsTestExecutionListener@574020f1, org.springframework.boot.test.autoconfigure.restdocs.RestDocsTestExecutionListener@2cbb4799, org.springframework.boot.test.autoconfigure.web.client.MockRestServiceServerResetTestExecutionListener@2621cedd, org.springframework.boot.test.autoconfigure.web.servlet.MockMvcPrintOnlyOnFailureTestExecutionListener@7a0e8a39, org.springframework.boot.test.autoconfigure.web.servlet.WebDriverTestExecutionListener@2c9f6a21, org.springframework.boot.test.mock.mockito.ResetMocksTestExecutionListener@5aee77a4]
13:09:15.597 [Test worker] DEBUG org.springframework.test.annotation.ProfileValueUtils - Retrieved @ProfileValueSourceConfiguration [null] for test class [com.ryu.pt.springboot.web.domain.posts.PostsRepositroyTest]
13:09:15.598 [Test worker] DEBUG org.springframework.test.annotation.ProfileValueUtils - Retrieved ProfileValueSource type [class org.springframework.test.annotation.SystemProfileValueSource] for class [com.ryu.pt.springboot.web.domain.posts.PostsRepositroyTest]
13:09:15.601 [Test worker] DEBUG org.springframework.test.annotation.ProfileValueUtils - Retrieved @ProfileValueSourceConfiguration [null] for test class [com.ryu.pt.springboot.web.domain.posts.PostsRepositroyTest]
13:09:15.601 [Test worker] DEBUG org.springframework.test.annotation.ProfileValueUtils - Retrieved ProfileValueSource type [class org.springframework.test.annotation.SystemProfileValueSource] for class [com.ryu.pt.springboot.web.domain.posts.PostsRepositroyTest]
13:09:15.601 [Test worker] DEBUG org.springframework.test.annotation.ProfileValueUtils - Retrieved @ProfileValueSourceConfiguration [null] for test class [com.ryu.pt.springboot.web.domain.posts.PostsRepositroyTest]
13:09:15.602 [Test worker] DEBUG org.springframework.test.annotation.ProfileValueUtils - Retrieved ProfileValueSource type [class org.springframework.test.annotation.SystemProfileValueSource] for class [com.ryu.pt.springboot.web.domain.posts.PostsRepositroyTest]
13:09:15.604 [Test worker] DEBUG org.springframework.test.context.support.AbstractDirtiesContextTestExecutionListener - Before test class: context [DefaultTestContext@2069d3d5 testClass = PostsRepositroyTest, testInstance = [null], testMethod = [null], testException = [null], mergedContextConfiguration = [WebMergedContextConfiguration@3a4e762d testClass = PostsRepositroyTest, locations = '{}', classes = '{class com.ryu.pt.springboot.Application}', contextInitializerClasses = '[]', activeProfiles = '{}', propertySourceLocations = '{}', propertySourceProperties = '{org.springframework.boot.test.context.SpringBootTestContextBootstrapper=true}', contextCustomizers = set[org.springframework.boot.test.autoconfigure.properties.PropertyMappingContextCustomizer@0, org.springframework.boot.test.autoconfigure.web.servlet.WebDriverContextCustomizerFactory$Customizer@53ee8117, org.springframework.boot.test.context.filter.ExcludeFilterContextCustomizer@337c63b4, org.springframework.boot.test.json.DuplicateJsonObjectContextCustomizerFactory$DuplicateJsonObjectContextCustomizer@107c6cca, org.springframework.boot.test.mock.mockito.MockitoContextCustomizer@0, org.springframework.boot.test.web.client.TestRestTemplateContextCustomizer@3a6ea6a], resourceBasePath = 'src/main/webapp', contextLoader = 'org.springframework.boot.test.context.SpringBootContextLoader', parent = [null]], attributes = map['org.springframework.test.context.web.ServletTestExecutionListener.activateListener' -> true]], class annotated with @DirtiesContext [false] with mode [null].
13:09:15.605 [Test worker] DEBUG org.springframework.test.annotation.ProfileValueUtils - Retrieved @ProfileValueSourceConfiguration [null] for test class [com.ryu.pt.springboot.web.domain.posts.PostsRepositroyTest]
13:09:15.605 [Test worker] DEBUG org.springframework.test.annotation.ProfileValueUtils - Retrieved ProfileValueSource type [class org.springframework.test.annotation.SystemProfileValueSource] for class [com.ryu.pt.springboot.web.domain.posts.PostsRepositroyTest]
13:09:15.621 [Test worker] DEBUG org.springframework.test.context.support.TestPropertySourceUtils - Adding inlined properties to environment: {spring.jmx.enabled=false, org.springframework.boot.test.context.SpringBootTestContextBootstrapper=true, server.port=-1}

  .   ____          _            __ _ _
 /\\ / ___'_ __ _ _(_)_ __  __ _ \ \ \ \
( ( )\___ | '_ | '_| | '_ \/ _` | \ \ \ \
 \\/  ___)| |_)| | | | | || (_| |  ) ) ) )
  '  |____| .__|_| |_|_| |_\__, | / / / /
 =========|_|==============|___/=/_/_/_/
 :: Spring Boot ::        (v2.1.9.RELEASE)

2021-04-22 13:09:16.108  INFO 18824 --- [    Test worker] c.r.p.s.w.d.posts.PostsRepositroyTest    : Starting PostsRepositroyTest on Sangui-MacBookPro.local with PID 18824 (started by ryu in /Users/ryu/IdeaProjects/com.ryu.pt)
2021-04-22 13:09:16.109  INFO 18824 --- [    Test worker] c.r.p.s.w.d.posts.PostsRepositroyTest    : No active profile set, falling back to default profiles: default
2021-04-22 13:09:16.521  INFO 18824 --- [    Test worker] .s.d.r.c.RepositoryConfigurationDelegate : Bootstrapping Spring Data repositories in DEFAULT mode.
2021-04-22 13:09:16.568  INFO 18824 --- [    Test worker] .s.d.r.c.RepositoryConfigurationDelegate : Finished Spring Data repository scanning in 41ms. Found 1 repository interfaces.
2021-04-22 13:09:16.877  INFO 18824 --- [    Test worker] trationDelegate$BeanPostProcessorChecker : Bean 'org.springframework.transaction.annotation.ProxyTransactionManagementConfiguration' of type [org.springframework.transaction.annotation.ProxyTransactionManagementConfiguration$$EnhancerBySpringCGLIB$$f95d32b5] is not eligible for getting processed by all BeanPostProcessors (for example: not eligible for auto-proxying)
2021-04-22 13:09:17.014  INFO 18824 --- [    Test worker] com.zaxxer.hikari.HikariDataSource       : HikariPool-1 - Starting...
2021-04-22 13:09:17.123  INFO 18824 --- [    Test worker] com.zaxxer.hikari.HikariDataSource       : HikariPool-1 - Start completed.
2021-04-22 13:09:17.180  INFO 18824 --- [    Test worker] o.hibernate.jpa.internal.util.LogHelper  : HHH000204: Processing PersistenceUnitInfo [
	name: default
	...]
2021-04-22 13:09:17.225  INFO 18824 --- [    Test worker] org.hibernate.Version                    : HHH000412: Hibernate Core {5.3.12.Final}
2021-04-22 13:09:17.226  INFO 18824 --- [    Test worker] org.hibernate.cfg.Environment            : HHH000206: hibernate.properties not found
2021-04-22 13:09:17.340  INFO 18824 --- [    Test worker] o.hibernate.annotations.common.Version   : HCANN000001: Hibernate Commons Annotations {5.0.4.Final}
2021-04-22 13:09:17.439  INFO 18824 --- [    Test worker] org.hibernate.dialect.Dialect            : HHH000400: Using dialect: org.hibernate.dialect.MySQL5InnoDBDialect
Hibernate: drop table if exists posts
Hibernate: create table posts (id bigint not null auto_increment, created_date datetime, modified_date datetime, author varchar(255), content TEXT not null, title varchar(500) not null, primary key (id)) engine=InnoDB
2021-04-22 13:09:17.868  INFO 18824 --- [    Test worker] o.h.t.schema.internal.SchemaCreatorImpl  : HHH000476: Executing import script 'org.hibernate.tool.schema.internal.exec.ScriptSourceInputNonExistentImpl@8db93d5'
2021-04-22 13:09:17.871  INFO 18824 --- [    Test worker] j.LocalContainerEntityManagerFactoryBean : Initialized JPA EntityManagerFactory for persistence unit 'default'
2021-04-22 13:09:18.434  INFO 18824 --- [    Test worker] o.s.s.concurrent.ThreadPoolTaskExecutor  : Initializing ExecutorService 'applicationTaskExecutor'
2021-04-22 13:09:18.465  WARN 18824 --- [    Test worker] aWebConfiguration$JpaWebMvcConfiguration : spring.jpa.open-in-view is enabled by default. Therefore, database queries may be performed during view rendering. Explicitly configure spring.jpa.open-in-view to disable this warning
2021-04-22 13:09:18.772  INFO 18824 --- [    Test worker] s.a.ScheduledAnnotationBeanPostProcessor : No TaskScheduler/ScheduledExecutorService bean found for scheduled processing
2021-04-22 13:09:18.778  INFO 18824 --- [    Test worker] c.r.p.s.w.d.posts.PostsRepositroyTest    : Started PostsRepositroyTest in 3.15 seconds (JVM running for 3.796)
Hibernate: insert into posts (created_date, modified_date, author, content, title) values (?, ?, ?, ?, ?)
2021-04-22 13:09:18.955  INFO 18824 --- [    Test worker] o.h.h.i.QueryTranslatorFactoryInitiator  : HHH000397: Using ASTQueryTranslatorFactory
Hibernate: select posts0_.id as id1_0_, posts0_.created_date as created_2_0_, posts0_.modified_date as modified3_0_, posts0_.author as author4_0_, posts0_.content as content5_0_, posts0_.title as title6_0_ from posts posts0_
>>>>>>>>>>>>> createDate =2021-04-22T13:09:18.904666, modifiedDate =2021-04-22T13:09:18.904666
Hibernate: select posts0_.id as id1_0_, posts0_.created_date as created_2_0_, posts0_.modified_date as modified3_0_, posts0_.author as author4_0_, posts0_.content as content5_0_, posts0_.title as title6_0_ from posts posts0_
Hibernate: delete from posts where id=?
]]></system-out>
  <system-err><![CDATA[]]></system-err>
</testsuite>
